0 verbose cli C:\Program Files\nodejs\node.exe C:\Program Files\nodejs\node_modules\npm\bin\npm-cli.js
1 info using npm@9.6.7
2 info using node@v20.3.1
3 timing npm:load:whichnode Completed in 3ms
4 timing config:load:defaults Completed in 2ms
5 timing config:load:file:C:\Program Files\nodejs\node_modules\npm\npmrc Completed in 3ms
6 timing config:load:builtin Completed in 4ms
7 timing config:load:cli Completed in 2ms
8 timing config:load:env Completed in 0ms
9 timing config:load:file:c:\Users\Ripan Roy\Desktop\Postulate\booking\.npmrc Completed in 0ms
10 timing config:load:project Completed in 2ms
11 timing config:load:file:C:\Users\Ripan Roy\.npmrc Completed in 1ms
12 timing config:load:user Completed in 1ms
13 timing config:load:file:C:\Users\Ripan Roy\AppData\Roaming\npm\etc\npmrc Completed in 1ms
14 timing config:load:global Completed in 1ms
15 timing config:load:setEnvs Completed in 1ms
16 timing config:load Completed in 13ms
17 timing npm:load:configload Completed in 13ms
18 timing npm:load:mkdirpcache Completed in 0ms
19 timing npm:load:mkdirplogs Completed in 0ms
20 verbose title npm view express description dist-tags.latest homepage version time
21 verbose argv "view" "--json" "express" "description" "dist-tags.latest" "homepage" "version" "time"
22 timing npm:load:setTitle Completed in 2ms
23 timing config:load:flatten Completed in 2ms
24 timing npm:load:display Completed in 3ms
25 verbose logfile logs-max:10 dir:C:\Users\Ripan Roy\Desktop\Postulate\booking\tmpnodejsnpm-cache\_logs\2023-06-26T06_58_25_744Z-
26 verbose logfile C:\Users\Ripan Roy\Desktop\Postulate\booking\tmpnodejsnpm-cache\_logs\2023-06-26T06_58_25_744Z-debug-0.log
27 timing npm:load:logFile Completed in 9ms
28 timing npm:load:timers Completed in 0ms
29 timing npm:load:configScope Completed in 0ms
30 timing npm:load Completed in 30ms
31 silly logfile done cleaning log files
32 http fetch GET 200 https://registry.npmjs.org/express 473ms (cache miss)
33 timing command:view Completed in 501ms
34 verbose exit 0
35 timing npm Completed in 806ms
36 info ok
