0 info it worked if it ends with ok
1 verbose cli [
1 verbose cli   'C:\\Program Files\\nodejs\\node.exe',
1 verbose cli   'C:\\Program Files\\nodejs\\node_modules\\npm\\bin\\npm-cli.js',
1 verbose cli   'install',
1 verbose cli   '-g',
1 verbose cli   'n'
1 verbose cli ]
2 info using npm@6.14.15
3 info using node@v14.18.1
4 verbose npm-session 5099678977793aa2
5 silly install loadCurrentTree
6 silly install readGlobalPackageData
7 http fetch GET 200 https://registry.npmjs.org/n 487ms
8 http fetch GET 200 https://registry.npmjs.org/n/-/n-9.1.0.tgz 110ms
9 silly pacote tag manifest for n@latest fetched in 627ms
10 timing stage:loadCurrentTree Completed in 642ms
11 silly install loadIdealTree
12 silly install cloneCurrentTreeToIdealTree
13 timing stage:loadIdealTree:cloneCurrentTree Completed in 1ms
14 silly install loadShrinkwrap
15 timing stage:loadIdealTree:loadShrinkwrap Completed in 1ms
16 silly install loadAllDepsIntoIdealTree
17 timing stage:rollbackFailedOptional Completed in 0ms
18 timing stage:runTopLevelLifecycles Completed in 646ms
19 verbose stack Error: Unsupported platform for n@9.1.0: wanted {"name":"n","version":"9.1.0","engines":{"node":"*"},"os":["!win32"],"dependencies":{},"optionalDependencies":{},"peerDependenciesMeta":{},"devDependencies":{"bats":"^1.2.1","bats-assert":"github:bats-core/bats-assert","bats-support":"github:bats-core/bats-support"},"bundleDependencies":false,"peerDependencies":{},"deprecated":false,"_resolved":"https://registry.npmjs.org/n/-/n-9.1.0.tgz","_integrity":"sha512-fFezMcaE/xD1UXIeC1vKgxzCrAwOjlj4AaX3x7slEdxA/NTQhFKK2JK7iU1d897xf5dJyv8HDrDzk83PEkaZAA==","_shasum":"c60fd42281cdd44e41f84a137d526425d1dd5769","_shrinkwrap":null,"bin":{"n":"bin/n"},"_id":"n@9.1.0","_from":"n","_requested":{"type":"tag","registry":true,"raw":"n","name":"n","escapedName":"n","rawSpec":"","saveSpec":null,"fetchSpec":"latest"},"_spec":"n","_where":"C:\\Users\\Ripan Roy\\Desktop\\Postulate\\booking"} (current: {"os":"win32","cpu":"x64"})
19 verbose stack     at checkPlatform (C:\Program Files\nodejs\node_modules\npm\node_modules\npm-install-checks\index.js:46:14)
19 verbose stack     at thenWarnEngineIssues (C:\Program Files\nodejs\node_modules\npm\lib\install\validate-args.js:63:5)
19 verbose stack     at C:\Program Files\nodejs\node_modules\npm\node_modules\iferr\iferr.js:3:64
19 verbose stack     at checkEngine (C:\Program Files\nodejs\node_modules\npm\node_modules\npm-install-checks\index.js:25:10)
19 verbose stack     at module.exports.isInstallable (C:\Program Files\nodejs\node_modules\npm\lib\install\validate-args.js:60:3)
19 verbose stack     at Array.<anonymous> (C:\Program Files\nodejs\node_modules\npm\node_modules\slide\lib\bind-actor.js:15:8)
19 verbose stack     at LOOP (C:\Program Files\nodejs\node_modules\npm\node_modules\slide\lib\chain.js:15:14)
19 verbose stack     at C:\Program Files\nodejs\node_modules\npm\node_modules\slide\lib\chain.js:18:7
19 verbose stack     at checkSelf (C:\Program Files\nodejs\node_modules\npm\lib\install\validate-args.js:68:72)
19 verbose stack     at Array.<anonymous> (C:\Program Files\nodejs\node_modules\npm\node_modules\slide\lib\bind-actor.js:15:8)
19 verbose stack     at LOOP (C:\Program Files\nodejs\node_modules\npm\node_modules\slide\lib\chain.js:15:14)
19 verbose stack     at C:\Program Files\nodejs\node_modules\npm\node_modules\slide\lib\chain.js:18:7
19 verbose stack     at hasMinimumFields (C:\Program Files\nodejs\node_modules\npm\lib\install\validate-args.js:30:12)
19 verbose stack     at Array.<anonymous> (C:\Program Files\nodejs\node_modules\npm\node_modules\slide\lib\bind-actor.js:15:8)
19 verbose stack     at LOOP (C:\Program Files\nodejs\node_modules\npm\node_modules\slide\lib\chain.js:15:14)
19 verbose stack     at chain (C:\Program Files\nodejs\node_modules\npm\node_modules\slide\lib\chain.js:20:5)
20 verbose pkgid n@9.1.0
21 verbose cwd C:\Users\Ripan Roy\Desktop\Postulate\booking
22 verbose Windows_NT 10.0.22621
23 verbose argv "C:\\Program Files\\nodejs\\node.exe" "C:\\Program Files\\nodejs\\node_modules\\npm\\bin\\npm-cli.js" "install" "-g" "n"
24 verbose node v14.18.1
25 verbose npm  v6.14.15
26 error code EBADPLATFORM
27 error notsup Unsupported platform for n@9.1.0: wanted {"os":"!win32","arch":"any"} (current: {"os":"win32","arch":"x64"})
28 error notsup Valid OS:    !win32
28 error notsup Valid Arch:  any
28 error notsup Actual OS:   win32
28 error notsup Actual Arch: x64
29 verbose exit [ 1, true ]
